<?xml version="1.0"?><coverage lines-covered="383" lines-valid="602" line-rate="0.6362126245847176" branches-covered="0" branches-valid="0" branch-rate="0" complexity="0" version="1.9" timestamp="1754106542"><sources><source>X:\Documents\GitHub\fast-line-heatmap\core</source></sources><packages><package name="src" line-rate="0.6362126245847176" branch-rate="0" complexity="0"><classes><class name="lib" filename="src\lib.rs" line-rate="0.6362126245847176" branch-rate="0" complexity="0"><methods/><lines><line number="71" hits="792633534417207296"/><line number="72" hits="1585267068834414592"/><line number="73" hits="1585267068834414592"/><line number="74" hits="1585267068834414592"/><line number="75" hits="1585267068834414592"/><line number="76" hits="2377900603251621888"/><line number="78" hits="6629298651489370112"/><line number="80" hits="2522015791327477760"/><line number="81" hits="0"/><line number="83" hits="12177733392409821184"/><line number="85" hits="216172782113783808"/><line number="87" hits="0"/><line number="88" hits="0"/><line number="89" hits="0"/><line number="90" hits="0"/><line number="91" hits="0"/><line number="92" hits="2305843009213693952"/><line number="95" hits="0"/><line number="96" hits="216172782113783808"/><line number="98" hits="2305843009213693952"/><line number="100" hits="0"/><line number="103" hits="0"/><line number="104" hits="0"/><line number="106" hits="11889503016258109440"/><line number="108" hits="216172782113783808"/><line number="110" hits="0"/><line number="111" hits="0"/><line number="112" hits="0"/><line number="113" hits="0"/><line number="114" hits="0"/><line number="115" hits="2305843009213693952"/><line number="118" hits="0"/><line number="119" hits="1369094286720630784"/><line number="121" hits="1152921504606846976"/><line number="123" hits="0"/><line number="126" hits="0"/><line number="127" hits="0"/><line number="129" hits="2233785415175766016"/><line number="130" hits="6701356245527298048"/><line number="134" hits="792633534417207296"/><line number="147" hits="504403158265495552"/><line number="149" hits="720575940379279360"/><line number="151" hits="0"/><line number="152" hits="144115188075855872"/><line number="154" hits="72057594037927936"/><line number="159" hits="864691128455135232"/><line number="160" hits="288230376151711744"/><line number="161" hits="144115188075855872"/><line number="163" hits="144115188075855872"/><line number="191" hits="288230376151711744"/><line number="193" hits="864691128455135232"/><line number="196" hits="1441151880758558720"/><line number="197" hits="1152921504606846976"/><line number="198" hits="3458764513820540928"/><line number="199" hits="5764607523034234880"/><line number="200" hits="3458764513820540928"/><line number="206" hits="576460752303423488"/><line number="208" hits="1441151880758558720"/><line number="209" hits="0"/><line number="210" hits="0"/><line number="214" hits="1152921504606846976"/><line number="215" hits="1152921504606846976"/><line number="217" hits="2305843009213693952"/><line number="218" hits="2305843009213693952"/><line number="219" hits="4611686018427387904"/><line number="220" hits="3458764513820540928"/><line number="221" hits="0"/><line number="222" hits="0"/><line number="228" hits="1152921504606846976"/><line number="229" hits="576460752303423488"/><line number="231" hits="0"/><line number="234" hits="1729382256910270464"/><line number="235" hits="576460752303423488"/><line number="236" hits="576460752303423488"/><line number="241" hits="576460752303423488"/><line number="243" hits="288230376151711744"/><line number="253" hits="2377900603251621888"/><line number="254" hits="2377900603251621888"/><line number="381" hits="2738188573441261568"/><line number="383" hits="5476377146882523136"/><line number="384" hits="10952754293765046272"/><line number="385" hits="10952754293765046272"/><line number="388" hits="10952754293765046272"/><line number="389" hits="2522015791327477760"/><line number="391" hits="216172782113783808"/><line number="394" hits="16429131440647569408"/><line number="397" hits="5764607523034234880"/><line number="399" hits="17293822569102704640"/><line number="400" hits="11529215046068469760"/><line number="404" hits="792633534417207296"/><line number="405" hits="792633534417207296"/><line number="406" hits="288230376151711744"/><line number="409" hits="0"/><line number="410" hits="0"/><line number="412" hits="12610078956637388800"/><line number="413" hits="0"/><line number="417" hits="12898309332789100549"/><line number="418" hits="5548434740920451122"/><line number="419" hits="5548434740920451122"/><line number="423" hits="0"/><line number="426" hits="12610078956637388800"/><line number="427" hits="6773413839565225984"/><line number="428" hits="6773413839565225984"/><line number="429" hits="936748722493063168"/><line number="432" hits="4971973988617027629"/><line number="434" hits="288230376151711834"/><line number="435" hits="1080863910568919085"/><line number="439" hits="4107282860161892352"/><line number="440" hits="3674937295934324736"/><line number="441" hits="3674937295934324736"/><line number="442" hits="3674937295934324736"/><line number="443" hits="3674937295934324736"/><line number="445" hits="216172782113783808"/><line number="448" hits="0"/><line number="451" hits="648518346341351424"/><line number="452" hits="648518346341351424"/><line number="453" hits="288230376151711744"/><line number="456" hits="0"/><line number="457" hits="0"/><line number="458" hits="0"/><line number="461" hits="1513209474796486656"/><line number="462" hits="4539628424389459968"/><line number="463" hits="3026418949592973312"/><line number="466" hits="9079256848778919936"/><line number="469" hits="1945555039024054272"/><line number="470" hits="1297036692682702848"/><line number="471" hits="432345564227567616"/><line number="473" hits="1080863910568919040"/><line number="476" hits="0"/><line number="478" hits="2017612633061982208"/><line number="480" hits="12970366926827028480"/><line number="481" hits="15852670688344145920"/><line number="482" hits="7926335344172072960"/><line number="483" hits="2738188573441261568"/><line number="486" hits="7926335344172072960"/><line number="488" hits="792633534417207296"/><line number="489" hits="0"/><line number="494" hits="1008806316530991104"/><line number="496" hits="504403158265495552"/><line number="497" hits="576460752303423488"/><line number="499" hits="288230376151711744"/><line number="500" hits="288230376151711744"/><line number="501" hits="288230376151711744"/><line number="502" hits="288230376151711744"/><line number="506" hits="288230376151711744"/><line number="507" hits="0"/><line number="510" hits="0"/><line number="511" hits="0"/><line number="512" hits="0"/><line number="514" hits="0"/><line number="515" hits="0"/><line number="516" hits="0"/><line number="517" hits="0"/><line number="520" hits="0"/><line number="521" hits="0"/><line number="525" hits="0"/><line number="528" hits="0"/><line number="532" hits="72057594037927936"/><line number="538" hits="0"/><line number="541" hits="13690942867206307840"/><line number="542" hits="8935141660703064064"/><line number="543" hits="4179340454199820288"/><line number="544" hits="4179340454199820288"/><line number="545" hits="4179340454199820288"/><line number="546" hits="4179340454199820288"/><line number="548" hits="13690942867206307840"/><line number="549" hits="17293822569102704640"/><line number="550" hits="13114482114902884352"/><line number="552" hits="13690942867206307840"/><line number="577" hits="2305843009213693952"/><line number="581" hits="2305843009213693952"/><line number="585" hits="1441151880758558720"/><line number="586" hits="2882303761517117440"/><line number="587" hits="2738188573441261568"/><line number="588" hits="1369094286720630784"/><line number="589" hits="1369094286720630784"/><line number="591" hits="72057594037927936"/><line number="595" hits="504403158265495552"/><line number="596" hits="1008806316530991104"/><line number="597" hits="1729382256910270464"/><line number="598" hits="432345564227567616"/><line number="599" hits="432345564227567616"/><line number="601" hits="72057594037927936"/><line number="605" hits="144115188075855872"/><line number="606" hits="288230376151711744"/><line number="607" hits="216172782113783808"/><line number="608" hits="144115188075855872"/><line number="609" hits="144115188075855872"/><line number="610" hits="144115188075855872"/><line number="611" hits="72057594037927936"/><line number="613" hits="72057594037927936"/><line number="614" hits="72057594037927936"/><line number="616" hits="72057594037927936"/><line number="620" hits="2594073385365405696"/><line number="621" hits="5188146770730811392"/><line number="622" hits="7782220156096217088"/><line number="623" hits="5188146770730811392"/><line number="624" hits="5188146770730811392"/><line number="625" hits="5188146770730811392"/><line number="626" hits="2594073385365405696"/><line number="628" hits="2594073385365405696"/><line number="629" hits="2594073385365405696"/><line number="631" hits="0"/><line number="635" hits="2449958197289549824"/><line number="636" hits="7349874591868649472"/><line number="639" hits="0"/><line number="640" hits="0"/><line number="643" hits="0"/><line number="644" hits="0"/><line number="648" hits="0"/><line number="649" hits="0"/><line number="650" hits="0"/><line number="653" hits="0"/><line number="654" hits="0"/><line number="655" hits="0"/><line number="658" hits="0"/><line number="659" hits="0"/><line number="660" hits="0"/><line number="661" hits="0"/><line number="662" hits="0"/><line number="664" hits="0"/><line number="665" hits="0"/><line number="669" hits="0"/><line number="670" hits="0"/><line number="676" hits="0"/><line number="677" hits="0"/><line number="678" hits="0"/><line number="680" hits="0"/><line number="682" hits="0"/><line number="683" hits="0"/><line number="686" hits="0"/><line number="687" hits="0"/><line number="690" hits="0"/><line number="691" hits="0"/><line number="692" hits="0"/><line number="695" hits="0"/><line number="696" hits="0"/><line number="701" hits="0"/><line number="702" hits="0"/><line number="705" hits="0"/><line number="706" hits="0"/><line number="707" hits="0"/><line number="710" hits="0"/><line number="711" hits="0"/><line number="713" hits="0"/><line number="715" hits="0"/><line number="716" hits="0"/><line number="717" hits="0"/><line number="718" hits="0"/><line number="719" hits="0"/><line number="723" hits="0"/><line number="728" hits="0"/><line number="731" hits="0"/><line number="732" hits="0"/><line number="734" hits="0"/><line number="736" hits="0"/><line number="738" hits="0"/><line number="742" hits="0"/><line number="745" hits="0"/><line number="746" hits="0"/><line number="747" hits="0"/><line number="750" hits="0"/><line number="754" hits="0"/><line number="755" hits="0"/><line number="756" hits="0"/><line number="759" hits="0"/><line number="763" hits="0"/><line number="764" hits="0"/><line number="765" hits="0"/><line number="768" hits="0"/><line number="772" hits="0"/><line number="773" hits="0"/><line number="774" hits="0"/><line number="775" hits="0"/><line number="778" hits="0"/><line number="779" hits="0"/><line number="781" hits="0"/><line number="786" hits="0"/><line number="790" hits="0"/><line number="791" hits="0"/><line number="793" hits="0"/><line number="796" hits="0"/><line number="798" hits="0"/><line number="802" hits="0"/><line number="804" hits="0"/><line number="805" hits="0"/><line number="808" hits="0"/><line number="814" hits="0"/><line number="817" hits="360287970189639680"/><line number="818" hits="720575940379279360"/><line number="821" hits="720575940379279360"/><line number="822" hits="72057594037927936"/><line number="825" hits="0"/><line number="826" hits="0"/><line number="827" hits="288230376151711744"/><line number="828" hits="288230376151711744"/><line number="831" hits="0"/><line number="833" hits="72057594037927936"/><line number="837" hits="0"/><line number="838" hits="72057594037927936"/><line number="841" hits="0"/><line number="842" hits="0"/><line number="844" hits="576460752303423488"/><line number="846" hits="0"/><line number="849" hits="288230376151711744"/><line number="850" hits="288230376151711744"/><line number="851" hits="288230376151711744"/><line number="854" hits="0"/><line number="856" hits="72057594037927936"/><line number="859" hits="0"/><line number="860" hits="0"/><line number="861" hits="0"/><line number="862" hits="0"/><line number="866" hits="72057594037927936"/><line number="867" hits="72057594037927936"/><line number="868" hits="72057594037927936"/><line number="872" hits="936748722493063168"/><line number="873" hits="2810246167479189504"/><line number="874" hits="2810246167479189504"/><line number="876" hits="6413125869375586304"/><line number="878" hits="0"/><line number="879" hits="2666130979403333632"/><line number="880" hits="2449958197289549824"/><line number="883" hits="360287970189639680"/><line number="884" hits="0"/><line number="885" hits="0"/><line number="888" hits="0"/><line number="891" hits="864691128455135232"/><line number="892" hits="1585267068834414592"/><line number="893" hits="720575940379279360"/><line number="894" hits="1152921504606846976"/><line number="895" hits="1080863910568919040"/><line number="896" hits="504403158265495552"/><line number="901" hits="72057594037927936"/><line number="906" hits="792633534417207296"/><line number="907" hits="1585267068834414592"/><line number="908" hits="720575940379279360"/><line number="909" hits="1152921504606846976"/><line number="910" hits="1152921504606846976"/><line number="911" hits="576460752303423488"/><line number="916" hits="0"/><line number="919" hits="720575940379279360"/><line number="921" hits="1441151880758558720"/><line number="926" hits="2233785415175766016"/><line number="927" hits="0"/><line number="929" hits="576460752303423488"/><line number="933" hits="432345564227567616"/><line number="937" hits="1297036692682702848"/><line number="938" hits="1297036692682702848"/><line number="939" hits="864691128455135232"/><line number="942" hits="3170534137668829184"/><line number="944" hits="0"/><line number="945" hits="1369094286720630784"/><line number="946" hits="1224979098644774912"/><line number="949" hits="216172782113783808"/><line number="950" hits="0"/><line number="951" hits="0"/><line number="954" hits="0"/><line number="955" hits="1585267068834414592"/><line number="956" hits="576460752303423488"/><line number="957" hits="1008806316530991104"/><line number="959" hits="1008806316530991104"/><line number="960" hits="1008806316530991104"/><line number="965" hits="360287970189639680"/><line number="970" hits="1441151880758558720"/><line number="971" hits="864691128455135232"/><line number="972" hits="288230376151711744"/><line number="973" hits="1369094286720630784"/><line number="974" hits="216172782113783808"/><line number="978" hits="1080863910568919040"/><line number="979" hits="0"/><line number="981" hits="216172782113783808"/><line number="986" hits="648518346341351424"/><line number="987" hits="648518346341351424"/><line number="988" hits="216172782113783808"/><line number="992" hits="720575940379279360"/><line number="1032" hits="648518346341351424"/><line number="1033" hits="1297036692682702848"/><line number="1034" hits="1297036692682702848"/><line number="1036" hits="3963167672086036480"/><line number="1037" hits="1008806316530991104"/><line number="1038" hits="1008806316530991104"/><line number="1040" hits="1008806316530991104"/><line number="1044" hits="648518346341351424"/><line number="1076" hits="144115188075855872"/><line number="1077" hits="720575940379279360"/><line number="1079" hits="144115188075855872"/><line number="1081" hits="2161727821137838080"/><line number="1131" hits="288230376151711744"/><line number="1132" hits="576460752303423488"/><line number="1133" hits="144115188075855872"/><line number="1136" hits="0"/><line number="1137" hits="0"/><line number="1139" hits="432345564227567616"/><line number="1140" hits="1297036692682702848"/><line number="1141" hits="1729382256910270464"/><line number="1145" hits="0"/><line number="1170" hits="792633534417207296"/><line number="1171" hits="2377900603251621888"/><line number="1189" hits="144115188075855872"/><line number="1193" hits="432345564227567616"/><line number="1216" hits="144115188075855872"/><line number="1217" hits="432345564227567616"/><line number="1241" hits="504403158265495552"/><line number="1242" hits="1008806316530991104"/><line number="1276" hits="360287970189639680"/><line number="1280" hits="1080863910568919040"/><line number="1282" hits="2089670227099910144"/><line number="1285" hits="360287970189639680"/><line number="1286" hits="360287970189639680"/><line number="1287" hits="360287970189639680"/><line number="1288" hits="360287970189639680"/><line number="1289" hits="360287970189639680"/><line number="1291" hits="360287970189639680"/><line number="1326" hits="360287970189639680"/><line number="1333" hits="1801439850948198400"/><line number="1334" hits="0"/><line number="1335" hits="0"/><line number="1336" hits="0"/><line number="1339" hits="4467570830351532032"/><line number="1340" hits="0"/><line number="1341" hits="0"/><line number="1342" hits="0"/><line number="1346" hits="0"/><line number="1349" hits="1080863910568919040"/><line number="1350" hits="360287970189639680"/><line number="1375" hits="360287970189639680"/><line number="1379" hits="1441151880758558720"/><line number="1380" hits="360287970189639680"/><line number="1382" hits="936748722493063168"/><line number="1413" hits="504403158265495552"/><line number="1414" hits="3530822107858468864"/><line number="1416" hits="1008806316530991104"/><line number="1417" hits="216172782113783808"/><line number="1420" hits="0"/><line number="1421" hits="0"/><line number="1423" hits="0"/><line number="1442" hits="288230376151711744"/><line number="1446" hits="1152921504606846976"/><line number="1447" hits="288230376151711744"/><line number="1449" hits="864691128455135232"/><line number="1451" hits="1152921504606846976"/><line number="1452" hits="576460752303423488"/><line number="1453" hits="576460752303423488"/><line number="1465" hits="792633534417207296"/><line number="1466" hits="3963167672086036480"/><line number="1489" hits="360287970189639680"/><line number="1490" hits="720575940379279360"/><line number="1509" hits="576460752303423488"/><line number="1510" hits="1729382256910270464"/><line number="1595" hits="504403158265495552"/><line number="1596" hits="1008806316530991104"/><line number="1597" hits="1008806316530991104"/><line number="1598" hits="1008806316530991104"/><line number="1600" hits="3386706919782612992"/><line number="1601" hits="0"/><line number="1602" hits="0"/><line number="1604" hits="0"/><line number="1605" hits="0"/><line number="1607" hits="0"/><line number="1608" hits="0"/><line number="1610" hits="0"/><line number="1611" hits="0"/><line number="1614" hits="504403158265495552"/><line number="1617" hits="2882303761517117440"/><line number="1618" hits="8646911284551352320"/><line number="1619" hits="5764607523034234880"/><line number="1621" hits="17870283321406128128"/><line number="1622" hits="7493989779944505344"/><line number="1623" hits="7493989779944505344"/><line number="1625" hits="8646911284551352320"/><line number="1627" hits="2882303761517117440"/><line number="1630" hits="144115188075855872"/><line number="1631" hits="288230376151711744"/><line number="1632" hits="576460752303423488"/><line number="1634" hits="720575940379279360"/><line number="1635" hits="0"/><line number="1636" hits="144115188075855872"/><line number="1639" hits="864691128455135232"/><line number="1640" hits="288230376151711744"/><line number="1643" hits="1152921504606846976"/><line number="1644" hits="0"/><line number="1645" hits="0"/><line number="1648" hits="1297036692682702848"/><line number="1650" hits="720575940379279360"/><line number="1651" hits="144115188075855872"/><line number="1655" hits="864691128455135232"/><line number="1658" hits="144115188075855872"/><line number="1661" hits="288230376151711744"/><line number="1662" hits="576460752303423488"/><line number="1663" hits="0"/><line number="1667" hits="0"/><line number="1669" hits="0"/><line number="1670" hits="0"/><line number="1671" hits="0"/><line number="1672" hits="0"/><line number="1675" hits="144115188075855872"/><line number="1678" hits="144115188075855872"/><line number="1680" hits="432345564227567616"/><line number="1681" hits="288230376151711744"/><line number="1683" hits="0"/><line number="1687" hits="144115188075855872"/><line number="1688" hits="144115188075855872"/><line number="1689" hits="0"/><line number="1692" hits="0"/><line number="1693" hits="0"/><line number="1695" hits="432345564227567616"/><line number="1696" hits="864691128455135232"/><line number="1697" hits="2594073385365405696"/><line number="1699" hits="720575940379279360"/><line number="1700" hits="576460752303423488"/><line number="1703" hits="288230376151711744"/><line number="1704" hits="288230376151711744"/><line number="1706" hits="0"/><line number="1711" hits="144115188075855872"/><line number="1712" hits="288230376151711744"/><line number="1715" hits="0"/><line number="1718" hits="360287970189639680"/><line number="1719" hits="720575940379279360"/><line number="1720" hits="1080863910568919040"/><line number="1723" hits="1945555039024054272"/><line number="1724" hits="5764607523034234880"/><line number="1725" hits="0"/><line number="1727" hits="0"/><line number="1728" hits="0"/><line number="1731" hits="0"/><line number="1736" hits="3530822107858468864"/><line number="1737" hits="0"/><line number="1738" hits="1297036692682702848"/><line number="1740" hits="3026418949592973312"/><line number="1742" hits="432345564227567616"/><line number="1743" hits="864691128455135232"/><line number="1744" hits="432345564227567616"/><line number="1745" hits="864691128455135232"/><line number="1747" hits="720575940379279360"/><line number="1748" hits="864691128455135232"/><line number="1749" hits="576460752303423488"/><line number="1750" hits="288230376151711744"/><line number="1757" hits="360287970189639680"/><line number="1760" hits="792633534417207296"/><line number="1761" hits="1585267068834414592"/><line number="1762" hits="1585267068834414592"/><line number="1763" hits="1585267068834414592"/><line number="1764" hits="1585267068834414592"/><line number="1766" hits="9727775195120271360"/><line number="1767" hits="0"/><line number="1768" hits="0"/><line number="1769" hits="0"/><line number="1770" hits="0"/><line number="1773" hits="2377900603251621888"/><line number="1775" hits="288230376151711783"/><line number="1776" hits="1441151880758558915"/><line number="1779" hits="1729382256910270698"/><line number="1780" hits="1729382256910270698"/><line number="1782" hits="288230376151711783"/><line number="1785" hits="288230376151711744"/><line number="1789" hits="576460752303423488"/><line number="1790" hits="1152921504606846976"/><line number="1792" hits="1441151880758558720"/><line number="1793" hits="0"/><line number="1794" hits="288230376151711744"/><line number="1797" hits="1729382256910270464"/><line number="1798" hits="576460752303423488"/><line number="1801" hits="2305843009213693952"/><line number="1802" hits="0"/><line number="1803" hits="0"/><line number="1806" hits="2305843009213693952"/><line number="1807" hits="864691128455135232"/><line number="1808" hits="1152921504606846976"/><line number="1809" hits="288230376151711744"/><line number="1813" hits="1729382256910270464"/><line number="1814" hits="1152921504606846976"/><line number="1815" hits="576460752303423488"/><line number="1816" hits="576460752303423488"/><line number="1820" hits="288230376151711744"/><line number="1823" hits="576460752303423488"/><line number="1824" hits="1152921504606846976"/><line number="1825" hits="0"/><line number="1829" hits="0"/><line number="1831" hits="0"/><line number="1832" hits="0"/><line number="1833" hits="0"/><line number="1834" hits="0"/><line number="1838" hits="0"/><line number="1839" hits="0"/><line number="1840" hits="0"/><line number="1841" hits="0"/><line number="1842" hits="0"/><line number="1844" hits="0"/><line number="1846" hits="576460752303423488"/><line number="1847" hits="1152921504606846976"/><line number="1848" hits="432345564227567616"/><line number="1851" hits="0"/><line number="1852" hits="0"/><line number="1854" hits="17437937757178560512"/><line number="1855" hits="0"/><line number="1856" hits="17437937757178560515"/><line number="1857" hits="16429131440647569414"/><line number="1862" hits="360287970189639677"/><line number="1863" hits="360287970189639680"/><line number="1864" hits="720575940379279360"/><line number="1868" hits="0"/></lines></class></classes></package></packages></coverage>